<?xml version="1.0" encoding="UTF-8"?>
<testng-results ignored="0" total="1" passed="1" failed="0" skipped="0">
  <reporter-output>
  </reporter-output>
  <suite started-at="2021-10-28T12:37:45 EEST" name="Default Suite" finished-at="2021-10-28T12:37:47 EEST" duration-ms="2481">
    <groups>
    </groups>
    <test started-at="2021-10-28T12:37:45 EEST" name="ForRestAssured" finished-at="2021-10-28T12:37:47 EEST" duration-ms="2481">
      <class name="MainTest">
        <test-method signature="postTest()[pri:0, instance:MainTest@80ec1f8]" started-at="2021-10-28T12:37:45 EEST" name="postTest" finished-at="2021-10-28T12:37:47 EEST" duration-ms="2431" status="PASS">
          <reporter-output>
          </reporter-output>
        </test-method> <!-- postTest -->
      </class> <!-- MainTest -->
    </test> <!-- ForRestAssured -->
  </suite> <!-- Default Suite -->
</testng-results>
